<?xml version="1.0" encoding="UTF-8"?>
<!-- Generated by org.testng.reporters.JUnitXMLReporter -->
<testsuite ignored="5" hostname="DESKTOP-GBPBH9N" failures="1" tests="1" name="Surefire test" time="22.122" errors="0" timestamp="2024-01-17T17:17:19 CET">
  <testcase classname="Test.TestClass" name="Add_Note" time="6.444">
    <failure type="java.lang.NullPointerException" message="Cannot invoke &amp;quot;org.openqa.selenium.By.findElement(org.openqa.selenium.SearchContext)&amp;quot; because &amp;quot;by&amp;quot; is null">
      <![CDATA[java.lang.NullPointerException: Cannot invoke "org.openqa.selenium.By.findElement(org.openqa.selenium.SearchContext)" because "by" is null
at org.openqa.selenium.remote.RemoteWebDriver.findElement(RemoteWebDriver.java:315)
at io.appium.java_client.DefaultGenericMobileDriver.findElement(DefaultGenericMobileDriver.java:57)
at io.appium.java_client.AppiumDriver.findElement(AppiumDriver.java:1)
at io.appium.java_client.android.AndroidDriver.findElement(AndroidDriver.java:1)
at org.openqa.selenium.support.ui.ExpectedConditions$7.apply(ExpectedConditions.java:205)
at org.openqa.selenium.support.ui.ExpectedConditions$7.apply(ExpectedConditions.java:201)
at org.openqa.selenium.support.ui.ExpectedConditions$22.apply(ExpectedConditions.java:641)
at org.openqa.selenium.support.ui.ExpectedConditions$22.apply(ExpectedConditions.java:638)
at org.openqa.selenium.support.ui.FluentWait.until(FluentWait.java:249)
at Test.TestClass.Add_Note(TestClass.java:41)
at java.base/java.util.ArrayList.forEach(ArrayList.java:1596)
... Removed 30 stack frames]]>
    </failure>
  </testcase> <!-- Add_Note -->
  <testcase classname="Test.TestClass" name="Rename_label" time="0.0">
    <ignored/>
  </testcase> <!-- Rename_label -->
  <testcase classname="Test.TestClass" name="Add_activities" time="0.0">
    <ignored/>
  </testcase> <!-- Add_activities -->
  <testcase classname="Test.TestClass" name="Option_verify" time="0.0">
    <ignored/>
  </testcase> <!-- Option_verify -->
  <testcase classname="Test.TestClass" name="Add_Note_On_Date" time="0.0">
    <ignored/>
  </testcase> <!-- Add_Note_On_Date -->
  <testcase classname="Test.TestClass" name="Change_color" time="0.0">
    <ignored/>
  </testcase> <!-- Change_color -->
</testsuite> <!-- Surefire test -->
