-------------------------------------------------------------------------------
Test set: Test.TestClass
-------------------------------------------------------------------------------
Tests run: 1, Failures: 1, Errors: 0, Skipped: 0, Time elapsed: 22.531 s <<< FAILURE! - in Test.TestClass
Add_Note(Test.TestClass)  Time elapsed: 6.453 s  <<< FAILURE!
java.lang.NullPointerException: Cannot invoke "org.openqa.selenium.By.findElement(org.openqa.selenium.SearchContext)" because "by" is null
	at Test.TestClass.Add_Note(TestClass.java:41)

